PRE SETTING START: Fri Aug 30 05:55:30 UTC 2024
PRE SETTING Finished: Fri Aug 30 05:55:30 UTC 2024
load_rdf togovar http://togovar.org/mogplus /rdf_data/togovar *.jsonld
====================================================================
START: Fri Aug 30 05:55:30 UTC 2024
DB: togovar URL: 
LOAD: /rdf_data/togovar into http://togovar.org/mogplus
ll_file                                                                           ll_graph                                                                          ll_state    ll_started           ll_done              ll_host     ll_work_time  ll_error
VARCHAR NOT NULL                                                                  VARCHAR                                                                           INTEGER     TIMESTAMP            TIMESTAMP            INTEGER     INTEGER     VARCHAR
_______________________________________________________________________________

/rdf_data/mogplus/mogplus.jsonld                                                  http://togovar.org/mogplus                                                        1           2024.8.30 5:55.30 785354000  NULL                 0           NULL        NULL
/rdf_data/togovar/togovar.jsonld                                                  http://togovar.org/mogplus                                                        0           NULL                 NULL                 NULL        NULL        NULL
Finished: Fri Aug 30 05:55:30 UTC 2024
====================================================================
POST SETTING  START: Fri Aug 30 05:55:30 UTC 2024
OpenLink Virtuoso Interactive SQL (Virtuoso)
Version 07.20.3239 as of Feb 13 2024
Type HELP; for help and EXIT; to exit.
Connected to OpenLink Virtuoso
Driver: 07.20.3239 OpenLink Virtuoso ODBC Driver

Done. -- 721 msec.
OpenLink Virtuoso Interactive SQL (Virtuoso)
Version 07.20.3239 as of Feb 13 2024
Type HELP; for help and EXIT; to exit.
Connected to OpenLink Virtuoso
Driver: 07.20.3239 OpenLink Virtuoso ODBC Driver

Done. -- 1 msec.
OpenLink Virtuoso Interactive SQL (Virtuoso)
Version 07.20.3239 as of Feb 13 2024
Type HELP; for help and EXIT; to exit.
Connected to OpenLink Virtuoso
Driver: 07.20.3239 OpenLink Virtuoso ODBC Driver

Done. -- 905 msec.
OpenLink Virtuoso Interactive SQL (Virtuoso)
Version 07.20.3239 as of Feb 13 2024
Type HELP; for help and EXIT; to exit.
Connected to OpenLink Virtuoso
Driver: 07.20.3239 OpenLink Virtuoso ODBC Driver

Done. -- 1 msec.
OpenLink Virtuoso Interactive SQL (Virtuoso)
Version 07.20.3239 as of Feb 13 2024
Type HELP; for help and EXIT; to exit.
Connected to OpenLink Virtuoso
Driver: 07.20.3239 OpenLink Virtuoso ODBC Driver

Done. -- 0 msec.
OpenLink Virtuoso Interactive SQL (Virtuoso)
Version 07.20.3239 as of Feb 13 2024
Type HELP; for help and EXIT; to exit.
Connected to OpenLink Virtuoso
Driver: 07.20.3239 OpenLink Virtuoso ODBC Driver

Done. -- 0 msec.
OpenLink Virtuoso Interactive SQL (Virtuoso)
Version 07.20.3239 as of Feb 13 2024
Type HELP; for help and EXIT; to exit.
Connected to OpenLink Virtuoso
Driver: 07.20.3239 OpenLink Virtuoso ODBC Driver

Done. -- 0 msec.
OpenLink Virtuoso Interactive SQL (Virtuoso)
Version 07.20.3239 as of Feb 13 2024
Type HELP; for help and EXIT; to exit.
Connected to OpenLink Virtuoso
Driver: 07.20.3239 OpenLink Virtuoso ODBC Driver

Done. -- 0 msec.
OpenLink Virtuoso Interactive SQL (Virtuoso)
Version 07.20.3239 as of Feb 13 2024
Type HELP; for help and EXIT; to exit.
Connected to OpenLink Virtuoso
Driver: 07.20.3239 OpenLink Virtuoso ODBC Driver

Done. -- 0 msec.
POST SETTING Finished: Fri Aug 30 05:55:32 UTC 2024
